# JRE version: OpenJDK Runtime Environment Temurin-21.0.10+7 (21.0.10+7) (build 21.0.10+7-LTS)
# Java VM: OpenJDK 64-Bit Server VM Temurin-21.0.10+7 (21.0.10+7-LTS, mixed mode, sharing, tiered, compressed oops, compressed class ptrs, parallel gc, windows-amd64)
GC Precious Log:
 CardTable entry size: 512
 CPUs: 12 total, 12 available
 Memory: 5996M
 Large Page Support: Disabled
 NUMA Support: Disabled
 Compressed Oops: Enabled (32-bit)
 Alignments: Space 512K, Generation 512K, Heap 2M
 Heap Min Capacity: 100M
 Heap Initial Capacity: 100M
 Heap Max Capacity: 2G
 Pre-touch: Disabled
 Parallel Workers: 10
Heap:
 PSYoungGen      total 6144K, used 4335K [0x00000000d5580000, 0x00000000d5c80000, 0x0000000100000000)
  eden space 5632K, 70% used [0x00000000d5580000,0x00000000d5964948,0x00000000d5b00000)
  from space 512K, 68% used [0x00000000d5b00000,0x00000000d5b57608,0x00000000d5b80000)
  to   space 512K, 0% used [0x00000000d5c00000,0x00000000d5c00000,0x00000000d5c80000)
 ParOldGen       total 1357824K, used 1357450K [0x0000000080000000, 0x00000000d2e00000, 0x00000000d5580000)
  object space 1357824K, 99% used [0x0000000080000000,0x00000000d2da2a60,0x00000000d2e00000)
 Metaspace       used 88759K, committed 90432K, reserved 1179648K
  class space    used 8820K, committed 9600K, reserved 1048576K
GC Heap History (20 events):
Event: 3340.248 GC heap before
{Heap before GC invocations=6454 (full 6):
 PSYoungGen      total 4608K, used 4253K [0x00000000d5580000, 0x00000000d5b80000, 0x0000000100000000)
  eden space 3072K, 100% used [0x00000000d5580000,0x00000000d5880000,0x00000000d5880000)
  from space 1536K, 76% used [0x00000000d5880000,0x00000000d59a7618,0x00000000d5a00000)
  to   space 1536K, 0% used [0x00000000d5a00000,0x00000000d5a00000,0x00000000d5b80000)
 ParOldGen       total 1354240K, used 1354018K [0x0000000080000000, 0x00000000d2a80000, 0x00000000d5580000)
  object space 1354240K, 99% used [0x0000000080000000,0x00000000d2a488c0,0x00000000d2a80000)
 Metaspace       used 88759K, committed 90432K, reserved 1179648K
  class space    used 8820K, committed 9600K, reserved 1048576K
}
Event: 3340.251 GC heap after
{Heap after GC invocations=6454 (full 6):
 PSYoungGen      total 3584K, used 224K [0x00000000d5580000, 0x00000000d5a80000, 0x0000000100000000)
  eden space 3072K, 0% used [0x00000000d5580000,0x00000000d5580000,0x00000000d5880000)
  from space 512K, 43% used [0x00000000d5a00000,0x00000000d5a38000,0x00000000d5a80000)
  to   space 1024K, 0% used [0x00000000d5880000,0x00000000d5880000,0x00000000d5980000)
 ParOldGen       total 1354752K, used 1354342K [0x0000000080000000, 0x00000000d2b00000, 0x00000000d5580000)
  object space 1354752K, 99% used [0x0000000080000000,0x00000000d2a99ab0,0x00000000d2b00000)
 Metaspace       used 88759K, committed 90432K, reserved 1179648K
  class space    used 8820K, committed 9600K, reserved 1048576K
}
Event: 3346.589 GC heap before
{Heap before GC invocations=6455 (full 6):
 PSYoungGen      total 3584K, used 3296K [0x00000000d5580000, 0x00000000d5a80000, 0x0000000100000000)
  eden space 3072K, 100% used [0x00000000d5580000,0x00000000d5880000,0x00000000d5880000)
  from space 512K, 43% used [0x00000000d5a00000,0x00000000d5a38000,0x00000000d5a80000)
  to   space 1024K, 0% used [0x00000000d5880000,0x00000000d5880000,0x00000000d5980000)
 ParOldGen       total 1354752K, used 1354342K [0x0000000080000000, 0x00000000d2b00000, 0x00000000d5580000)
  object space 1354752K, 99% used [0x0000000080000000,0x00000000d2a99ab0,0x00000000d2b00000)
 Metaspace       used 88759K, committed 90432K, reserved 1179648K
  class space    used 8820K, committed 9600K, reserved 1048576K
}
Event: 3346.593 GC heap after
{Heap after GC invocations=6455 (full 6):
 PSYoungGen      total 4096K, used 317K [0x00000000d5580000, 0x00000000d5a80000, 0x0000000100000000)
  eden space 3072K, 0% used [0x00000000d5580000,0x00000000d5580000,0x00000000d5880000)
  from space 1024K, 31% used [0x00000000d5880000,0x00000000d58cf608,0x00000000d5980000)
  to   space 512K, 0% used [0x00000000d5a00000,0x00000000d5a00000,0x00000000d5a80000)
 ParOldGen       total 1354752K, used 1354382K [0x0000000080000000, 0x00000000d2b00000, 0x00000000d5580000)
  object space 1354752K, 99% used [0x0000000080000000,0x00000000d2aa3ab0,0x00000000d2b00000)
 Metaspace       used 88759K, committed 90432K, reserved 1179648K
  class space    used 8820K, committed 9600K, reserved 1048576K
}
Event: 3346.608 GC heap before
{Heap before GC invocations=6456 (full 6):
 PSYoungGen      total 4096K, used 3389K [0x00000000d5580000, 0x00000000d5a80000, 0x0000000100000000)
  eden space 3072K, 100% used [0x00000000d5580000,0x00000000d5880000,0x00000000d5880000)
  from space 1024K, 31% used [0x00000000d5880000,0x00000000d58cf608,0x00000000d5980000)
  to   space 512K, 0% used [0x00000000d5a00000,0x00000000d5a00000,0x00000000d5a80000)
 ParOldGen       total 1354752K, used 1354382K [0x0000000080000000, 0x00000000d2b00000, 0x00000000d5580000)
  object space 1354752K, 99% used [0x0000000080000000,0x00000000d2aa3ab0,0x00000000d2b00000)
 Metaspace       used 88759K, committed 90432K, reserved 1179648K
  class space    used 8820K, committed 9600K, reserved 1048576K
}
Event: 3346.613 GC heap after
{Heap after GC invocations=6456 (full 6):
 PSYoungGen      total 3584K, used 512K [0x00000000d5580000, 0x00000000d5b80000, 0x0000000100000000)
  eden space 3072K, 0% used [0x00000000d5580000,0x00000000d5580000,0x00000000d5880000)
  from space 512K, 100% used [0x00000000d5a00000,0x00000000d5a80000,0x00000000d5a80000)
  to   space 1536K, 0% used [0x00000000d5880000,0x00000000d5880000,0x00000000d5a00000)
 ParOldGen       total 1355264K, used 1355086K [0x0000000080000000, 0x00000000d2b80000, 0x00000000d5580000)
  object space 1355264K, 99% used [0x0000000080000000,0x00000000d2b53990,0x00000000d2b80000)
 Metaspace       used 88759K, committed 90432K, reserved 1179648K
  class space    used 8820K, committed 9600K, reserved 1048576K
}
Event: 3346.624 GC heap before
{Heap before GC invocations=6457 (full 6):
 PSYoungGen      total 3584K, used 3584K [0x00000000d5580000, 0x00000000d5b80000, 0x0000000100000000)
  eden space 3072K, 100% used [0x00000000d5580000,0x00000000d5880000,0x00000000d5880000)
  from space 512K, 100% used [0x00000000d5a00000,0x00000000d5a80000,0x00000000d5a80000)
  to   space 1536K, 0% used [0x00000000d5880000,0x00000000d5880000,0x00000000d5a00000)
 ParOldGen       total 1355264K, used 1355086K [0x0000000080000000, 0x00000000d2b80000, 0x00000000d5580000)
  object space 1355264K, 99% used [0x0000000080000000,0x00000000d2b53990,0x00000000d2b80000)
 Metaspace       used 88759K, committed 90432K, reserved 1179648K
  class space    used 8820K, committed 9600K, reserved 1048576K
}
Event: 3346.629 GC heap after
{Heap after GC invocations=6457 (full 6):
 PSYoungGen      total 4096K, used 573K [0x00000000d5580000, 0x00000000d5a80000, 0x0000000100000000)
  eden space 3072K, 0% used [0x00000000d5580000,0x00000000d5580000,0x00000000d5880000)
  from space 1024K, 56% used [0x00000000d5880000,0x00000000d590f608,0x00000000d5980000)
  to   space 1024K, 0% used [0x00000000d5980000,0x00000000d5980000,0x00000000d5a80000)
 ParOldGen       total 1355776K, used 1355599K [0x0000000080000000, 0x00000000d2c00000, 0x00000000d5580000)
  object space 1355776K, 99% used [0x0000000080000000,0x00000000d2bd3e20,0x00000000d2c00000)
 Metaspace       used 88759K, committed 90432K, reserved 1179648K
  class space    used 8820K, committed 9600K, reserved 1048576K
}
Event: 3346.651 GC heap before
{Heap before GC invocations=6458 (full 6):
 PSYoungGen      total 4096K, used 3645K [0x00000000d5580000, 0x00000000d5a80000, 0x0000000100000000)
  eden space 3072K, 100% used [0x00000000d5580000,0x00000000d5880000,0x00000000d5880000)
  from space 1024K, 56% used [0x00000000d5880000,0x00000000d590f608,0x00000000d5980000)
  to   space 1024K, 0% used [0x00000000d5980000,0x00000000d5980000,0x00000000d5a80000)
 ParOldGen       total 1355776K, used 1355599K [0x0000000080000000, 0x00000000d2c00000, 0x00000000d5580000)
  object space 1355776K, 99% used [0x0000000080000000,0x00000000d2bd3e20,0x00000000d2c00000)
 Metaspace       used 88759K, committed 90432K, reserved 1179648K
  class space    used 8820K, committed 9600K, reserved 1048576K
}
Event: 3346.655 GC heap after
{Heap after GC invocations=6458 (full 6):
 PSYoungGen      total 4096K, used 859K [0x00000000d5580000, 0x00000000d5a80000, 0x0000000100000000)
  eden space 3072K, 0% used [0x00000000d5580000,0x00000000d5580000,0x00000000d5880000)
  from space 1024K, 83% used [0x00000000d5980000,0x00000000d5a56c10,0x00000000d5a80000)
  to   space 1024K, 0% used [0x00000000d5880000,0x00000000d5880000,0x00000000d5980000)
 ParOldGen       total 1356288K, used 1355993K [0x0000000080000000, 0x00000000d2c80000, 0x00000000d5580000)
  object space 1356288K, 99% used [0x0000000080000000,0x00000000d2c36618,0x00000000d2c80000)
 Metaspace       used 88759K, committed 90432K, reserved 1179648K
  class space    used 8820K, committed 9600K, reserved 1048576K
}
Event: 3346.662 GC heap before
{Heap before GC invocations=6459 (full 6):
 PSYoungGen      total 4096K, used 3931K [0x00000000d5580000, 0x00000000d5a80000, 0x0000000100000000)
  eden space 3072K, 100% used [0x00000000d5580000,0x00000000d5880000,0x00000000d5880000)
  from space 1024K, 83% used [0x00000000d5980000,0x00000000d5a56c10,0x00000000d5a80000)
  to   space 1024K, 0% used [0x00000000d5880000,0x00000000d5880000,0x00000000d5980000)
 ParOldGen       total 1356288K, used 1355993K [0x0000000080000000, 0x00000000d2c80000, 0x00000000d5580000)
  object space 1356288K, 99% used [0x0000000080000000,0x00000000d2c36618,0x00000000d2c80000)
 Metaspace       used 88759K, committed 90432K, reserved 1179648K
  class space    used 8820K, committed 9600K, reserved 1048576K
}
Event: 3346.668 GC heap after
{Heap after GC invocations=6459 (full 6):
 PSYoungGen      total 4096K, used 608K [0x00000000d5580000, 0x00000000d5b80000, 0x0000000100000000)
  eden space 3072K, 0% used [0x00000000d5580000,0x00000000d5580000,0x00000000d5880000)
  from space 1024K, 59% used [0x00000000d5880000,0x00000000d5918000,0x00000000d5980000)
  to   space 1024K, 0% used [0x00000000d5a80000,0x00000000d5a80000,0x00000000d5b80000)
 ParOldGen       total 1356800K, used 1356601K [0x0000000080000000, 0x00000000d2d00000, 0x00000000d5580000)
  object space 1356800K, 99% used [0x0000000080000000,0x00000000d2cce690,0x00000000d2d00000)
 Metaspace       used 88759K, committed 90432K, reserved 1179648K
  class space    used 8820K, committed 9600K, reserved 1048576K
}
Event: 3346.672 GC heap before
{Heap before GC invocations=6460 (full 6):
 PSYoungGen      total 4096K, used 3680K [0x00000000d5580000, 0x00000000d5b80000, 0x0000000100000000)
  eden space 3072K, 100% used [0x00000000d5580000,0x00000000d5880000,0x00000000d5880000)
  from space 1024K, 59% used [0x00000000d5880000,0x00000000d5918000,0x00000000d5980000)
  to   space 1024K, 0% used [0x00000000d5a80000,0x00000000d5a80000,0x00000000d5b80000)
 ParOldGen       total 1356800K, used 1356601K [0x0000000080000000, 0x00000000d2d00000, 0x00000000d5580000)
  object space 1356800K, 99% used [0x0000000080000000,0x00000000d2cce690,0x00000000d2d00000)
 Metaspace       used 88759K, committed 90432K, reserved 1179648K
  class space    used 8820K, committed 9600K, reserved 1048576K
}
Event: 3346.676 GC heap after
{Heap after GC invocations=6460 (full 6):
 PSYoungGen      total 5120K, used 608K [0x00000000d5580000, 0x00000000d5b80000, 0x0000000100000000)
  eden space 4096K, 0% used [0x00000000d5580000,0x00000000d5580000,0x00000000d5980000)
  from space 1024K, 59% used [0x00000000d5a80000,0x00000000d5b18000,0x00000000d5b80000)
  to   space 1024K, 0% used [0x00000000d5980000,0x00000000d5980000,0x00000000d5a80000)
 ParOldGen       total 1357312K, used 1357042K [0x0000000080000000, 0x00000000d2d80000, 0x00000000d5580000)
  object space 1357312K, 99% used [0x0000000080000000,0x00000000d2d3ca60,0x00000000d2d80000)
 Metaspace       used 88759K, committed 90432K, reserved 1179648K
  class space    used 8820K, committed 9600K, reserved 1048576K
}
Event: 3346.683 GC heap before
{Heap before GC invocations=6461 (full 6):
 PSYoungGen      total 5120K, used 4704K [0x00000000d5580000, 0x00000000d5b80000, 0x0000000100000000)
  eden space 4096K, 100% used [0x00000000d5580000,0x00000000d5980000,0x00000000d5980000)
  from space 1024K, 59% used [0x00000000d5a80000,0x00000000d5b18000,0x00000000d5b80000)
  to   space 1024K, 0% used [0x00000000d5980000,0x00000000d5980000,0x00000000d5a80000)
 ParOldGen       total 1357312K, used 1357042K [0x0000000080000000, 0x00000000d2d80000, 0x00000000d5580000)
  object space 1357312K, 99% used [0x0000000080000000,0x00000000d2d3ca60,0x00000000d2d80000)
 Metaspace       used 88759K, committed 90432K, reserved 1179648K
  class space    used 8820K, committed 9600K, reserved 1048576K
}
Event: 3346.690 GC heap after
{Heap after GC invocations=6461 (full 6):
 PSYoungGen      total 5120K, used 541K [0x00000000d5580000, 0x00000000d5c80000, 0x0000000100000000)
  eden space 4096K, 0% used [0x00000000d5580000,0x00000000d5580000,0x00000000d5980000)
  from space 1024K, 52% used [0x00000000d5980000,0x00000000d5a07608,0x00000000d5a80000)
  to   space 1024K, 0% used [0x00000000d5b80000,0x00000000d5b80000,0x00000000d5c80000)
 ParOldGen       total 1357312K, used 1357306K [0x0000000080000000, 0x00000000d2d80000, 0x00000000d5580000)
  object space 1357312K, 99% used [0x0000000080000000,0x00000000d2d7ea60,0x00000000d2d80000)
 Metaspace       used 88759K, committed 90432K, reserved 1179648K
  class space    used 8820K, committed 9600K, reserved 1048576K
}
Event: 3346.994 GC heap before
{Heap before GC invocations=6462 (full 6):
 PSYoungGen      total 5120K, used 4635K [0x00000000d5580000, 0x00000000d5c80000, 0x0000000100000000)
  eden space 4096K, 99% used [0x00000000d5580000,0x00000000d597f640,0x00000000d5980000)
  from space 1024K, 52% used [0x00000000d5980000,0x00000000d5a07608,0x00000000d5a80000)
  to   space 1024K, 0% used [0x00000000d5b80000,0x00000000d5b80000,0x00000000d5c80000)
 ParOldGen       total 1357312K, used 1357306K [0x0000000080000000, 0x00000000d2d80000, 0x00000000d5580000)
  object space 1357312K, 99% used [0x0000000080000000,0x00000000d2d7ea60,0x00000000d2d80000)
 Metaspace       used 88759K, committed 90432K, reserved 1179648K
  class space    used 8820K, committed 9600K, reserved 1048576K
}
Event: 3346.997 GC heap after
{Heap after GC invocations=6462 (full 6):
 PSYoungGen      total 5632K, used 320K [0x00000000d5580000, 0x00000000d5c00000, 0x0000000100000000)
  eden space 5120K, 0% used [0x00000000d5580000,0x00000000d5580000,0x00000000d5a80000)
  from space 512K, 62% used [0x00000000d5b80000,0x00000000d5bd0000,0x00000000d5c00000)
  to   space 512K, 0% used [0x00000000d5b00000,0x00000000d5b00000,0x00000000d5b80000)
 ParOldGen       total 1357824K, used 1357394K [0x0000000080000000, 0x00000000d2e00000, 0x00000000d5580000)
  object space 1357824K, 99% used [0x0000000080000000,0x00000000d2d94a60,0x00000000d2e00000)
 Metaspace       used 88759K, committed 90432K, reserved 1179648K
  class space    used 8820K, committed 9600K, reserved 1048576K
}
Event: 3347.061 GC heap before
{Heap before GC invocations=6463 (full 6):
 PSYoungGen      total 5632K, used 5430K [0x00000000d5580000, 0x00000000d5c00000, 0x0000000100000000)
  eden space 5120K, 99% used [0x00000000d5580000,0x00000000d5a7d990,0x00000000d5a80000)
  from space 512K, 62% used [0x00000000d5b80000,0x00000000d5bd0000,0x00000000d5c00000)
  to   space 512K, 0% used [0x00000000d5b00000,0x00000000d5b00000,0x00000000d5b80000)
 ParOldGen       total 1357824K, used 1357394K [0x0000000080000000, 0x00000000d2e00000, 0x00000000d5580000)
  object space 1357824K, 99% used [0x0000000080000000,0x00000000d2d94a60,0x00000000d2e00000)
 Metaspace       used 88759K, committed 90432K, reserved 1179648K
  class space    used 8820K, committed 9600K, reserved 1048576K
}
Event: 3348.045 GC heap after
{Heap after GC invocations=6463 (full 6):
 PSYoungGen      total 6144K, used 349K [0x00000000d5580000, 0x00000000d5c80000, 0x0000000100000000)
  eden space 5632K, 0% used [0x00000000d5580000,0x00000000d5580000,0x00000000d5b00000)
  from space 512K, 68% used [0x00000000d5b00000,0x00000000d5b57608,0x00000000d5b80000)
  to   space 512K, 0% used [0x00000000d5c00000,0x00000000d5c00000,0x00000000d5c80000)
 ParOldGen       total 1357824K, used 1357450K [0x0000000080000000, 0x00000000d2e00000, 0x00000000d5580000)
  object space 1357824K, 99% used [0x0000000080000000,0x00000000d2da2a60,0x00000000d2e00000)
 Metaspace       used 88759K, committed 90432K, reserved 1179648K
  class space    used 8820K, committed 9600K, reserved 1048576K
}

